<?xml version="1.0" encoding="UTF-8"?>
<!-- Generated by org.testng.reporters.JUnitXMLReporter -->
<testsuite hostname="LAPTOP-Q0SMAAFT" ignored="0" name="shdmothertoungueverification" tests="2" failures="0" timestamp="27 Oct 2021 10:58:58 GMT" time="109.661" errors="0">
  <testcase name="mothertongueverificationmarathi" time="27.341" classname="Testcases.Testcases_shd_test"/>
  <testcase name="mothertongueverificationgujarati" time="33.596" classname="Testcases.Testcases_shd_test"/>
</testsuite> <!-- shdmothertoungueverification -->
