<?xml version="1.0" encoding="UTF-8"?>
<!-- Generated by org.testng.reporters.JUnitXMLReporter -->
<testsuite hostname="LAPTOP-Q0SMAAFT" ignored="0" name="shdmothertoungueverification" tests="2" failures="0" timestamp="25 Oct 2021 15:12:56 GMT" time="91.132" errors="0">
  <testcase name="mothertongueverificationmarathi" time="14.8" classname="Testcases.Testcases_shd_test"/>
  <testcase name="mothertongueverificationgujarati" time="29.636" classname="Testcases.Testcases_shd_test"/>
</testsuite> <!-- shdmothertoungueverification -->
